<?xml version='1.0'?>
<ns2:test-suite xmlns:ns2='urn:model.allure.qatools.yandex.ru' start='1634522157746' stop='1634522161955'>
    <name>googlesearch:</name>
    <title>googlesearch:</title>
    <test-cases>
        <test-case start='1634522158336' status='failed' stop='1634522159074'>
            <name>youtube-search</name>
            <title>youtube-search</title>
            <labels/>
            <parameters/>
            <steps>
                <step start='1634522158903' status='failed' stop='1634522159064'>
                    <name>I am on page "www.youtube.com"</name>
                    <title>I am on page "www.youtube.com"</title>
                    <attachments/>
                    <steps/>
                </step>
            </steps>
            <attachments>
                <attachment title='Last Seen Screenshot' source='5804cda9-f007-486d-a458-64506b36cce4-attachment.png' type='image/png' size='20318'/>
            </attachments>
            <failure>
                <message>page.goto: net::ERR_NAME_NOT_RESOLVED at http://www.google.comwww.youtube.com/
                =========================== logs ===========================
                navigating to "http://www.google.comwww.youtube.com/", waiting until "networkidle"
                ============================================================</message>
                <stack-trace>page.goto: net::ERR_NAME_NOT_RESOLVED at http://www.google.comwww.youtube.com/
                =========================== logs ===========================
                navigating to "http://www.google.comwww.youtube.com/", waiting until "networkidle"
                ============================================================
                    at Playwright.amOnPage (E:\batch220\Automation\node_modules\codeceptjs\lib\helper\Playwright.js:729:21)
                    at Step.run (E:\batch220\Automation\node_modules\codeceptjs\lib\step.js:66:47)
                    at E:\batch220\Automation\node_modules\codeceptjs\lib\actor.js:116:23</stack-trace>
            </failure>
        </test-case>
        <test-case start='1634522160197' status='failed' stop='1634522160820'>
            <name>youtube-search2</name>
            <title>youtube-search2</title>
            <labels/>
            <parameters/>
            <steps>
                <step start='1634522160789' status='failed' stop='1634522160815'>
                    <name>I am on page "www.youtube.com"</name>
                    <title>I am on page "www.youtube.com"</title>
                    <attachments/>
                    <steps/>
                </step>
            </steps>
            <attachments>
                <attachment title='Last Seen Screenshot' source='7e4f49d9-0d13-41ec-ba64-53951fea0d38-attachment.png' type='image/png' size='20318'/>
            </attachments>
            <failure>
                <message>page.goto: net::ERR_NAME_NOT_RESOLVED at http://www.google.comwww.youtube.com/
                =========================== logs ===========================
                navigating to "http://www.google.comwww.youtube.com/", waiting until "networkidle"
                ============================================================</message>
                <stack-trace>page.goto: net::ERR_NAME_NOT_RESOLVED at http://www.google.comwww.youtube.com/
                =========================== logs ===========================
                navigating to "http://www.google.comwww.youtube.com/", waiting until "networkidle"
                ============================================================
                    at Playwright.amOnPage (E:\batch220\Automation\node_modules\codeceptjs\lib\helper\Playwright.js:729:21)
                    at Step.run (E:\batch220\Automation\node_modules\codeceptjs\lib\step.js:66:47)
                    at E:\batch220\Automation\node_modules\codeceptjs\lib\actor.js:116:23</stack-trace>
            </failure>
        </test-case>
    </test-cases>
</ns2:test-suite>