<?xml version='1.0'?>
<ns2:test-suite xmlns:ns2='urn:model.allure.qatools.yandex.ru' start='1651729892280' stop='1651729905092'>
    <name>googlesearch:</name>
    <title>googlesearch:</title>
    <test-cases>
        <test-case start='1651729892971' status='failed' stop='1651729902685'>
            <name>youtube-search</name>
            <title>youtube-search</title>
            <labels/>
            <parameters/>
            <steps>
                <step start='1651729893884' status='failed' stop='1651729902676'>
                    <name>I am on page "www.youtube.com"</name>
                    <title>I am on page "www.youtube.com"</title>
                    <attachments/>
                    <steps/>
                </step>
            </steps>
            <attachments>
                <attachment title='Screenshot of step I am on page "www.youtube.com"' source='d3ade7f5-77e0-437f-ba2e-e8dd2a9ea609-attachment.png' type='image/png' size='51418'/>
            </attachments>
            <failure>
                <message>page.goto: Navigation failed because page was closed!
                =========================== logs ===========================
                navigating to "http://www.google.comwww.youtube.com/", waiting until "networkidle"
                ============================================================</message>
                <stack-trace>page.goto: Navigation failed because page was closed!
                =========================== logs ===========================
                navigating to "http://www.google.comwww.youtube.com/", waiting until "networkidle"
                ============================================================
                    at Playwright.amOnPage (E:\batch220\Automation\node_modules\codeceptjs\lib\helper\Playwright.js:751:21)
                    at Step.run (E:\batch220\Automation\node_modules\codeceptjs\lib\step.js:122:47)
                    at E:\batch220\Automation\node_modules\codeceptjs\lib\actor.js:134:23</stack-trace>
            </failure>
        </test-case>
        <test-case start='1651729902830' status='failed' stop='1651729904993'>
            <name>youtube-search2</name>
            <title>youtube-search2</title>
            <labels/>
            <parameters/>
            <steps>
                <step start='1651729903409' status='failed' stop='1651729904993'>
                    <name>I am on page "/youtube"</name>
                    <title>I am on page "/youtube"</title>
                    <attachments/>
                    <steps/>
                </step>
            </steps>
            <attachments/>
            <failure>
                <message>page.goto: net::ERR_ABORTED; maybe frame was detached?
                =========================== logs ===========================
                navigating to "http://www.google.com/youtube", waiting until "networkidle"
                ============================================================</message>
                <stack-trace>page.goto: net::ERR_ABORTED; maybe frame was detached?
                =========================== logs ===========================
                navigating to "http://www.google.com/youtube", waiting until "networkidle"
                ============================================================
                    at Playwright.amOnPage (E:\batch220\Automation\node_modules\codeceptjs\lib\helper\Playwright.js:751:21)
                    at Step.run (E:\batch220\Automation\node_modules\codeceptjs\lib\step.js:122:47)
                    at E:\batch220\Automation\node_modules\codeceptjs\lib\actor.js:134:23</stack-trace>
            </failure>
        </test-case>
    </test-cases>
</ns2:test-suite>