<?xml version='1.0'?>
<ns2:test-suite xmlns:ns2='urn:model.allure.qatools.yandex.ru' start='1634522054849' stop='1634522075025'>
    <name>googlesearch:</name>
    <title>googlesearch:</title>
    <test-cases>
        <test-case start='1634522055360' status='failed' stop='1634522064478'>
            <name>youtube-search</name>
            <title>youtube-search</title>
            <labels/>
            <parameters/>
            <steps>
                <step start='1634522055961' status='passed' stop='1634522059549'>
                    <name>I am on page </name>
                    <title>I am on page </title>
                    <attachments/>
                    <steps/>
                </step>
                <step start='1634522059550' status='failed' stop='1634522064476'>
                    <name>I fill field "Search", "bmht"</name>
                    <title>I fill field "Search", "bmht"</title>
                    <attachments/>
                    <steps/>
                </step>
            </steps>
            <attachments>
                <attachment title='Last Seen Screenshot' source='3fe316e6-7889-4e94-8d25-d7c1c9d9c2a3-attachment.png' type='image/png' size='31956'/>
            </attachments>
            <failure>
                <message>Field "Search" was not found by text|CSS|XPath</message>
                <stack-trace>Error: Field "Search" was not found by text|CSS|XPath
                    at new ElementNotFound (E:\batch220\Automation\node_modules\codeceptjs\lib\helper\errors\ElementNotFound.js:14:11)
                    at assertElementExists (E:\batch220\Automation\node_modules\codeceptjs\lib\helper\Playwright.js:2630:11)
                    at Playwright.fillField (E:\batch220\Automation\node_modules\codeceptjs\lib\helper\Playwright.js:1294:5)</stack-trace>
            </failure>
        </test-case>
        <test-case start='1634522065056' status='failed' stop='1634522074423'>
            <name>youtube-search2</name>
            <title>youtube-search2</title>
            <labels/>
            <parameters/>
            <steps>
                <step start='1634522065893' status='passed' stop='1634522069420'>
                    <name>I am on page </name>
                    <title>I am on page </title>
                    <attachments/>
                    <steps/>
                </step>
                <step start='1634522069420' status='failed' stop='1634522074422'>
                    <name>I fill field "Search", "bmht"</name>
                    <title>I fill field "Search", "bmht"</title>
                    <attachments/>
                    <steps/>
                </step>
            </steps>
            <attachments>
                <attachment title='Last Seen Screenshot' source='5bccd251-980b-49c5-aca9-18631daa7bb4-attachment.png' type='image/png' size='31956'/>
            </attachments>
            <failure>
                <message>Field "Search" was not found by text|CSS|XPath</message>
                <stack-trace>Error: Field "Search" was not found by text|CSS|XPath
                    at new ElementNotFound (E:\batch220\Automation\node_modules\codeceptjs\lib\helper\errors\ElementNotFound.js:14:11)
                    at assertElementExists (E:\batch220\Automation\node_modules\codeceptjs\lib\helper\Playwright.js:2630:11)
                    at Playwright.fillField (E:\batch220\Automation\node_modules\codeceptjs\lib\helper\Playwright.js:1294:5)</stack-trace>
            </failure>
        </test-case>
    </test-cases>
</ns2:test-suite>